[INFO] Scanning for projects...
[INFO] 
[INFO] ----------------------< com.berdibekov:Note-app >-----------------------
[INFO] Building Note-app 0.0.1-SNAPSHOT
[INFO] --------------------------------[ jar ]---------------------------------
[INFO] 
[INFO] --- maven-clean-plugin:3.1.0:clean (default-clean) @ Note-app ---
[INFO] Deleting C:\Users\Svetka\IdeaProjects\note-app\target
[INFO] 
[INFO] --- maven-resources-plugin:3.2.0:resources (default-resources) @ Note-app ---
[INFO] Using 'UTF-8' encoding to copy filtered resources.
[INFO] Using 'UTF-8' encoding to copy filtered properties files.
[INFO] Copying 1 resource
[INFO] Copying 0 resource
[INFO] 
[INFO] --- maven-compiler-plugin:3.8.1:compile (default-compile) @ Note-app ---
[INFO] Changes detected - recompiling the module!
[INFO] Compiling 16 source files to C:\Users\Svetka\IdeaProjects\note-app\target\classes
[INFO] 
[INFO] --- maven-resources-plugin:3.2.0:testResources (default-testResources) @ Note-app ---
[INFO] Using 'UTF-8' encoding to copy filtered resources.
[INFO] Using 'UTF-8' encoding to copy filtered properties files.
[INFO] skip non existing resourceDirectory C:\Users\Svetka\IdeaProjects\note-app\src\test\resources
[INFO] 
[INFO] --- maven-compiler-plugin:3.8.1:testCompile (default-testCompile) @ Note-app ---
[INFO] Changes detected - recompiling the module!
[INFO] 
[INFO] --- maven-surefire-plugin:2.22.2:test (default-test) @ Note-app ---
[INFO] 
[INFO] --- maven-jar-plugin:3.2.0:jar (default-jar) @ Note-app ---
[INFO] Building jar: C:\Users\Svetka\IdeaProjects\note-app\target\Note-app-0.0.1-SNAPSHOT.jar
[INFO] 
[INFO] --- spring-boot-maven-plugin:2.4.3:repackage (repackage) @ Note-app ---
[INFO] Replacing main artifact with repackaged archive
[INFO] ------------------------------------------------------------------------
[INFO] BUILD SUCCESS
[INFO] ------------------------------------------------------------------------
[INFO] Total time:  3.626 s
[INFO] Finished at: 2021-06-18T23:10:35+03:00
[INFO] ------------------------------------------------------------------------
